
Iteration 1:
1. Average waiting time: 24.00
2. Average turn around time: 31.09
_____________________________________________________________________________________________________________________________________________________________________________
||||||       04       |         10         |    05    |  03  |          09          |      06      |          08          |   02   |          11          |01|      07      |
-----------------------------------------------------------------------------------------------------------------------------------------------------------------------------

Iteration 2:
1. Average waiting time: 20.55
2. Average turn around time: 27.36
___________________________________________________________________________________________________________________________________________________________________
||        08        |        03        |    10    |       04       |    06    |  02  |01|          11          |       05       |     09     |         07         |
-------------------------------------------------------------------------------------------------------------------------------------------------------------------

Iteration 3:
1. Average waiting time: 20.18
2. Average turn around time: 25.91
_________________________________________________________________________________________________________________________________________________
||||||||      03      |          11          |     10     |   04   |   07   |  06  |   01   |    08    | 05 |        02        |       09       |
-------------------------------------------------------------------------------------------------------------------------------------------------

Iteration 4:
1. Average waiting time: 23.09
2. Average turn around time: 29.64
______________________________________________________________________________________________________________________________________________________________
|||    05    |          07          |    02    |   10   |          09          |       03       |      11      |     01     |       04       |     08     |06|
--------------------------------------------------------------------------------------------------------------------------------------------------------------

Iteration 5:
1. Average waiting time: 22.55
2. Average turn around time: 29.36
__________________________________________________________________________________________________________________________________________________________________
|  02  |10|         05         |       08       |          01          |         03         |    09    |   06   |     04     |       07       |        11        |
------------------------------------------------------------------------------------------------------------------------------------------------------------------

Iteration 6:
1. Average waiting time: 24.91
2. Average turn around time: 32.09
__________________________________________________________________________________________________________________________________________________________________________
|   10   |       05       |          07          |         06         | 09 |         01         |        04        |          02          |     03     |    08    |  11  |
--------------------------------------------------------------------------------------------------------------------------------------------------------------------------

Iteration 7:
1. Average waiting time: 15.91
2. Average turn around time: 20.55
_____________________________________________________________________________________________________________________________
|||||||||| 02 |||  06  |      09      |    11    |          05          | 01 |   10   |      03      | 08 |      04      |07|
-----------------------------------------------------------------------------------------------------------------------------

Iteration 8:
1. Average waiting time: 17.91
2. Average turn around time: 23.18
_________________________________________________________________________________________________________________________________
||          03          |     07     | 11 |     05     |      06      |    02    |10|          01          |   08   |  04  | 09 |
---------------------------------------------------------------------------------------------------------------------------------

Iteration 9:
1. Average waiting time: 21.09
2. Average turn around time: 28.55
_________________________________________________________________________________________________________________________________________________________________________________
||         04         |    09    |        03        |     11     |    07    |        02        |        06        |01|      10      |          05          |         08         |
---------------------------------------------------------------------------------------------------------------------------------------------------------------------------------

Iteration 10:
1. Average waiting time: 19.18
2. Average turn around time: 24.55
____________________________________________________________________________________________________________________________________
|||      10      |         08         |03|        09        |     02     |  04  |    05    |     07     | 06 |11|        01        |
------------------------------------------------------------------------------------------------------------------------------------

Iteration 11:
1. Average waiting time: 17.82
2. Average turn around time: 24.09
________________________________________________________________________________________________________________________________________________________
||| 09 |  06  |    05    |         01         |          04          |  08  |      10      |          03          |      11      |      07      |  02  |
--------------------------------------------------------------------------------------------------------------------------------------------------------

Iteration 12:
1. Average waiting time: 22.55
2. Average turn around time: 28.64
______________________________________________________________________________________________________________________________________________________
|||||      04      |    11    |         01         |         06         |   02   |        10        |    07    | 03 |09|     08     |       05       |
------------------------------------------------------------------------------------------------------------------------------------------------------

Iteration 13:
1. Average waiting time: 22.27
2. Average turn around time: 28.82
____________________________________________________________________________________________________________________________________________________________
|   08   |          04          |      11      |03|         02         |        06        |        07        |01|    05    |      09      |       10       |
------------------------------------------------------------------------------------------------------------------------------------------------------------

Iteration 14:
1. Average waiting time: 15.55
2. Average turn around time: 20.45
_______________________________________________________________________________________________________________________________
||04|||||||      09      |    03    | 08 |         10         |05|          11          |    06    |        07        | 02 |01|
-------------------------------------------------------------------------------------------------------------------------------

Iteration 15:
1. Average waiting time: 17.36
2. Average turn around time: 24.27
_____________________________________________________________________________________________________________________________________________________________________
||  10  |        02        |09|  05  |          01          |          06          |        04        |  08  |      07      |        03        |         11         |
---------------------------------------------------------------------------------------------------------------------------------------------------------------------

Iteration 16:
1. Average waiting time: 17.18
2. Average turn around time: 22.55
_____________________________________________________________________________________________________________________________________
||||   07   |     08     |   05   |     01     |         09         |02|  04  |  06  |         11         |   03   |       10       |
-------------------------------------------------------------------------------------------------------------------------------------

Iteration 17:
1. Average waiting time: 11.45
2. Average turn around time: 16.00
______________________________________________________________________________________________________________________
||04||||||     02     |        09        |     06     |   10   |03|08|   07   |        01        |    11    |   05   |
----------------------------------------------------------------------------------------------------------------------

Iteration 18:
1. Average waiting time: 22.18
2. Average turn around time: 27.36
_______________________________________________________________________________________________________________________________
||     01     |   09   |          08          |        06        |       04       |   10   |     02     | 03 |  07  | 05 | 11 |
-------------------------------------------------------------------------------------------------------------------------------

Iteration 19:
1. Average waiting time: 13.09
2. Average turn around time: 17.18
_______________________________________________________________________________________________________
||07|  10  |     04     |   03   |          02          |       05       | 06 |  01  | 08 |09|   11   |
-------------------------------------------------------------------------------------------------------

Iteration 20:
1. Average waiting time: 16.27
2. Average turn around time: 21.55
__________________________________________________________________________________________________________________________________
|||   02   |  01  |      09      |05|         04         |       11       | 10 |          03          |06|         07         |08|
----------------------------------------------------------------------------------------------------------------------------------

Iteration 21:
1. Average waiting time: 22.82
2. Average turn around time: 29.64
___________________________________________________________________________________________________________________________________________________________________
||        07        |        06        |      02      |     10     |      09      |     03     |     08     |   11   |        05        |   04   |       01       |
-------------------------------------------------------------------------------------------------------------------------------------------------------------------

Iteration 22:
1. Average waiting time: 20.18
2. Average turn around time: 27.27
__________________________________________________________________________________________________________________________________________________________________________
|||10|         03         |     05     |11|       04       |       01       |       07       |      08      |      02      |          09          |          06          |
--------------------------------------------------------------------------------------------------------------------------------------------------------------------------

Iteration 23:
1. Average waiting time: 20.36
2. Average turn around time: 27.09
____________________________________________________________________________________________________________________________________________________________________
|||||         03         |       10       |          11          |02|  01  |  04  |     06     |       05       |      08      |          07          |     09     |
--------------------------------------------------------------------------------------------------------------------------------------------------------------------

Iteration 24:
1. Average waiting time: 20.27
2. Average turn around time: 26.82
_______________________________________________________________________________________________________________________________________________________________
||||    05    |   03   |      01      |     10     |     08     |       09       |          02          |11|       06       |         04         |     07     |
---------------------------------------------------------------------------------------------------------------------------------------------------------------

Iteration 25:
1. Average waiting time: 24.73
2. Average turn around time: 30.82
___________________________________________________________________________________________________________________________________________________
||         09         |     11     |       05       |   03   |   10   |         04         |         02         | 01 |      07      |   06   | 08 |
---------------------------------------------------------------------------------------------------------------------------------------------------

Iteration 26:
1. Average waiting time: 6.45
2. Average turn around time: 10.36
__________________________________________________________________________________________________
|        10        |05|    04    |01|   02   |  08  |  11  |     06     |07|03|        09        |
--------------------------------------------------------------------------------------------------

Iteration 27:
1. Average waiting time: 13.55
2. Average turn around time: 19.09
___________________________________________________________________________________________________________________________________________
||||||         04         |  08  |09| 06 |       03       |    02    | 07 |     01     |         11         |         10         |   05   |
-------------------------------------------------------------------------------------------------------------------------------------------

Iteration 28:
1. Average waiting time: 16.91
2. Average turn around time: 22.73
______________________________________________________________________________________________________________________________________________
|||      09      |  02  |06|    07    |01|      04      |       03       |          05          |       10       |         08         |  11  |
----------------------------------------------------------------------------------------------------------------------------------------------

Iteration 29:
1. Average waiting time: 14.91
2. Average turn around time: 19.82
______________________________________________________________________________________________________________________________
|||||||     07     |       01       | 02 |   05   |        06        | 09 |  08  |    11    |  03  |10|          04          |
------------------------------------------------------------------------------------------------------------------------------

Iteration 30:
1. Average waiting time: 16.18
2. Average turn around time: 21.36
_________________________________________________________________________________________________________________________________
||||  06  |    01    |     04     |        11        |     07     |     02     |10|  08  |         03         |09|      05      |
---------------------------------------------------------------------------------------------------------------------------------

Iteration 31:
1. Average waiting time: 18.82
2. Average turn around time: 24.09
_______________________________________________________________________________________________________________________________________
||||||||      11      | 07 |     09     |     05     |      08      |   10   |         06         |   02   |04|01|         03         |
---------------------------------------------------------------------------------------------------------------------------------------

Iteration 32:
1. Average waiting time: 19.73
2. Average turn around time: 25.55
________________________________________________________________________________________________________________________________________________
|||||        09        |         02         |  07  |        03        |  10  | 08 |  11  |   04   |          05          |       01       | 06 |
------------------------------------------------------------------------------------------------------------------------------------------------

Iteration 33:
1. Average waiting time: 19.82
2. Average turn around time: 26.00
____________________________________________________________________________________________________________________________________________________
|       02       |     05     |     10     |     09     |       11       |        08        |    06    | 01 |07|        04        |       03       |
----------------------------------------------------------------------------------------------------------------------------------------------------

Iteration 34:
1. Average waiting time: 16.82
2. Average turn around time: 22.00
___________________________________________________________________________________________________________________________________
||||  10  |11|||  07  |        02        |     06     |        04        | 05 |          03          |     08     |    01    | 09 |
-----------------------------------------------------------------------------------------------------------------------------------

Iteration 35:
1. Average waiting time: 12.73
2. Average turn around time: 17.55
________________________________________________________________________________________________________________________
|||     01     |     08     |  06  | 05 |  10  |  03  |          09          |         07         |11|  02  |    04    |
------------------------------------------------------------------------------------------------------------------------

Iteration 36:
1. Average waiting time: 28.55
2. Average turn around time: 35.82
________________________________________________________________________________________________________________________________________________________________________________
|||||          07          |  05  |         04         |         08         | 03 |      01      |          02          |         10         | 09 |       11       |     06     |
--------------------------------------------------------------------------------------------------------------------------------------------------------------------------------

Iteration 37:
1. Average waiting time: 14.55
2. Average turn around time: 19.27
________________________________________________________________________________________________________________________
|||||    11    |      09      |      03      |     07     |   01   | 08 |  05  |02| 10 |       06       |      04      |
------------------------------------------------------------------------------------------------------------------------

Iteration 38:
1. Average waiting time: 8.18
2. Average turn around time: 12.73
__________________________________________________________________________________________________________________
|      01      |11|||     05     |      06      | 07 |  02  |     10     | 03 | 08 |   09   |         04         |
------------------------------------------------------------------------------------------------------------------

Iteration 39:
1. Average waiting time: 25.55
2. Average turn around time: 32.82
_____________________________________________________________________________________________________________________________________________________________________________
||  03  |       06       |          04          |          08          |  09  |07|   11   |          05          |      01      |          02          |         10         |
-----------------------------------------------------------------------------------------------------------------------------------------------------------------------------

Iteration 40:
1. Average waiting time: 14.09
2. Average turn around time: 19.73
______________________________________________________________________________________________________________________________________________
|||||08|||     03     |   10   |    02    |         11         | 07 |   09   |       01       |       06       |       04       |     05     |
----------------------------------------------------------------------------------------------------------------------------------------------

Iteration 41:
1. Average waiting time: 12.73
2. Average turn around time: 18.00
________________________________________________________________________________________________________________________________
|      01      |  10  | 02 |    05    |       07       |     04     |   08   |        11        | 09 |  06  |        03        |
--------------------------------------------------------------------------------------------------------------------------------

Iteration 42:
1. Average waiting time: 30.27
2. Average turn around time: 37.91
________________________________________________________________________________________________________________________________________________________________________________________
|||||          08          |   05   |          06          |      03      |       07       |         10         |    04    |        11        |          02          |   09   |   01   |
----------------------------------------------------------------------------------------------------------------------------------------------------------------------------------------

Iteration 43:
1. Average waiting time: 21.18
2. Average turn around time: 26.91
___________________________________________________________________________________________________________________________________________
||      10      |    05    |        09        |   07   | 06 |      04      |      03      |     08     |        11        |    02    | 01 |
-------------------------------------------------------------------------------------------------------------------------------------------

Iteration 44:
1. Average waiting time: 20.55
2. Average turn around time: 27.36
_____________________________________________________________________________________________________________________________________________________________________
||||   06   |   08   |          10          |       07       |01|          11          |       04       |          02          |       03       |       05       |09|
---------------------------------------------------------------------------------------------------------------------------------------------------------------------

Iteration 45:
1. Average waiting time: 33.55
2. Average turn around time: 41.82
____________________________________________________________________________________________________________________________________________________________________________________________________________
|||||||||||     01     |        03        |       04       |       10       |       07       |          06          |          09          |          11          |  05  |     08     |         02         |
------------------------------------------------------------------------------------------------------------------------------------------------------------------------------------------------------------

Iteration 46:
1. Average waiting time: 10.18
2. Average turn around time: 14.91
____________________________________________________________________________________________________________________
|  07  |          01          |  02  |  09  |       03       |   05   |11| 08 |        04        |    06    |  10  |
--------------------------------------------------------------------------------------------------------------------

Iteration 47:
1. Average waiting time: 23.73
2. Average turn around time: 30.55
___________________________________________________________________________________________________________________________________________________________________
||          11          |          07          |        09        |       05       |08|        02        |    03    |        10        |    01    | 06 |    04    |
-------------------------------------------------------------------------------------------------------------------------------------------------------------------

Iteration 48:
1. Average waiting time: 16.82
2. Average turn around time: 22.73
______________________________________________________________________________________________________________________________________________
|  03  |    06    |        04        | 07 |   05   |       11       |   08   |         01         |     10     |      09      |      02      |
----------------------------------------------------------------------------------------------------------------------------------------------

Iteration 49:
1. Average waiting time: 13.73
2. Average turn around time: 18.27
__________________________________________________________________________________________________________________
|||         04         |  09  | 11 |    03    |          02          |     07     | 10 | 08 |    05    |01|  06  |
------------------------------------------------------------------------------------------------------------------

Iteration 50:
1. Average waiting time: 15.00
2. Average turn around time: 20.09
____________________________________________________________________________________________________________________________
|   11   |          06          |   04   |      08      |  01  |  03  |       09       |  05  |      02      | 07 |   10   |
----------------------------------------------------------------------------------------------------------------------------

Iteration 51:
1. Average waiting time: 16.27
2. Average turn around time: 22.09
_______________________________________________________________________________________________________________________________________________
||||    11    |          06          |05|    08    |     03     |     10     |     04     |07|         01         |       02       |    09    |
-----------------------------------------------------------------------------------------------------------------------------------------------

Iteration 52:
1. Average waiting time: 16.45
2. Average turn around time: 24.45
____________________________________________________________________________________________________________________________________________________________________________________________
|     03     |        04        | 08 |  07  |         09         |       11       |         06         |       01       |          02          |          10          |         05         |
--------------------------------------------------------------------------------------------------------------------------------------------------------------------------------------------

Iteration 53:
1. Average waiting time: 23.18
2. Average turn around time: 29.91
__________________________________________________________________________________________________________________________________________________________________
|||         07         |        10        |    06    |      08      | 04 |          02          |   09   |      01      |  03  |      05      |        11        |
------------------------------------------------------------------------------------------------------------------------------------------------------------------

Iteration 54:
1. Average waiting time: 18.09
2. Average turn around time: 23.73
____________________________________________________________________________________________________________________________________________
|||||       04       |    01    |06|      10      |        07        |        03        |  08  |     02     |  05  |       09       |  11  |
--------------------------------------------------------------------------------------------------------------------------------------------

Iteration 55:
1. Average waiting time: 16.82
2. Average turn around time: 22.00
_______________________________________________________________________________________________________________________________
||         03         |06|    07    |        09        | 04 |         01         |      02      |11|10|        08        | 05 |
-------------------------------------------------------------------------------------------------------------------------------

Iteration 56:
1. Average waiting time: 22.27
2. Average turn around time: 28.64
______________________________________________________________________________________________________________________________________________________________
|||||||   09   |  10  |        01        |   06   |         03         |    04    |         08         |       02       |          07          | 11 |   05   |
--------------------------------------------------------------------------------------------------------------------------------------------------------------

Iteration 57:
1. Average waiting time: 22.82
2. Average turn around time: 29.91
_________________________________________________________________________________________________________________________________________________________________________
||       03       |    02    |          09          |       08       |         01         |  11  | 10 |          07          |      06      |          05          | 04 |
-------------------------------------------------------------------------------------------------------------------------------------------------------------------------

Iteration 58:
1. Average waiting time: 17.64
2. Average turn around time: 23.82
____________________________________________________________________________________________________________________________________________________
|       04       |    06    |   05   |      03      |    09    |  10  |    11    |       07       |         08         |          02          | 01 |
----------------------------------------------------------------------------------------------------------------------------------------------------

Iteration 59:
1. Average waiting time: 16.73
2. Average turn around time: 24.18
________________________________________________________________________________________________________________________________________________________________________________
|  05  |         10         | 07 |      03      |       06       | 02 |          08          |         04         |        09        |        11        |          01          |
--------------------------------------------------------------------------------------------------------------------------------------------------------------------------------

Iteration 60:
1. Average waiting time: 24.45
2. Average turn around time: 31.27
_____________________________________________________________________________________________________________________________________________________________________
|||    03    ||          05          |   06   |         02         |       10       |   11   |    07    |        04        |      09      |         01         | 08 |
---------------------------------------------------------------------------------------------------------------------------------------------------------------------

Iteration 61:
1. Average waiting time: 18.09
2. Average turn around time: 23.64
_______________________________________________________________________________________________________________________________________
||    05    |          11          |          01          | 08 |  02  |03|         09         |     04     |06|      10      |   07   |
---------------------------------------------------------------------------------------------------------------------------------------

Iteration 62:
1. Average waiting time: 18.82
2. Average turn around time: 23.73
____________________________________________________________________________________________________________________________
|||||          01          |   10   |05|       07       |  03  |        09        | 04 |   11   |08|   06   |      02      |
----------------------------------------------------------------------------------------------------------------------------

Iteration 63:
1. Average waiting time: 25.45
2. Average turn around time: 33.18
_________________________________________________________________________________________________________________________________________________________________________________________
|||| 03 |          01          |      08      |       02       |       04       |       10       |    11    |        05        |          09          |       06       |       07       |
-----------------------------------------------------------------------------------------------------------------------------------------------------------------------------------------

Iteration 64:
1. Average waiting time: 19.00
2. Average turn around time: 25.18
____________________________________________________________________________________________________________________________________________________
|    08    |   09   |       10       |     04     |          05          |  01  |   02   |       07       |      06      |     03     |     11     |
----------------------------------------------------------------------------------------------------------------------------------------------------


========== Summary ==========
Average waiting time    : 18.97
Average turnaround time : 24.97
Average CPU burst time  : 6.00.
