=========== Iteration  1 =============
PID  	P_SIZE  	HOLE_ID 	HOLE_SIZE 	AVAILABLE
------------------------------------------
1    	308     	1       	504       	196     
2    	448     	2       	784       	336     
3    	476     	3       	532       	56      
4    	392     	5       	644       	252     
5    	420     	6       	868       	448     
6    	392     	6       	868       	56      
7    	280     	2       	784       	56      
8    	308     	8       	504       	196     
9    	448     	9       	868       	420     
10   	420     	9       	868       	0       
11   	280     	4       	280       	0       

=========== Iteration  2 =============
PID  	P_SIZE  	HOLE_ID 	HOLE_SIZE 	AVAILABLE
------------------------------------------
1    	336     	3       	728       	392     
2    	280     	2       	280       	0       
3    	364     	3       	728       	28      
4    	280     	5       	560       	280     
5    	504     	6       	812       	308     
6    	476     	8       	896       	420     
7    	504     	9       	812       	308     
8    	336     	7       	364       	28      
9    	336     	8       	896       	84      
10   	476     	10      	756       	280     
11   	448     	11      	672       	224     

=========== Iteration  3 =============
PID  	P_SIZE  	HOLE_ID 	HOLE_SIZE 	AVAILABLE
------------------------------------------
1    	504     	3       	504       	0       
2    	448     	4       	868       	420     
3    	476     	5       	840       	364     
4    	448     	7       	952       	504     
5    	364     	1       	364       	0       
6    	504     	7       	952       	0       
7    	420     	2       	420       	0       
8    	392     	4       	868       	28      
9    	308     	5       	840       	56      
10   	476     	9       	672       	196     
11   	392     	10      	952       	560     

=========== Iteration  4 =============
PID  	P_SIZE  	HOLE_ID 	HOLE_SIZE 	AVAILABLE
------------------------------------------
1    	448     	1       	448       	0       
2    	448     	3       	672       	224     
3    	448     	4       	896       	448     
4    	392     	4       	896       	56      
5    	280     	5       	868       	588     
6    	280     	5       	868       	308     
7    	364     	6       	392       	28      
8    	392     	9       	560       	168     
9    	280     	5       	868       	28      
10   	280     	10      	448       	168     
11   	504     	11      	532       	28      

=========== Iteration  5 =============
PID  	P_SIZE  	HOLE_ID 	HOLE_SIZE 	AVAILABLE
------------------------------------------
1    	392     	1       	392       	0       
2    	336     	2       	924       	588     
3    	560     	2       	924       	28      
4    	364     	4       	896       	532     
5    	280     	4       	896       	252     
6    	504     	5       	784       	280     
7    	280     	5       	784       	0       
8    	448     	6       	896       	448     
9    	392     	6       	896       	56      
10   	420     	8       	756       	336     
11   	336     	8       	756       	0       

=========== Iteration  6 =============
PID  	P_SIZE  	HOLE_ID 	HOLE_SIZE 	AVAILABLE
------------------------------------------
1    	280     	1       	364       	84      
2    	280     	2       	504       	224     
3    	364     	3       	840       	476     
4    	308     	3       	840       	168     
5    	280     	4       	616       	336     
6    	476     	5       	868       	392     
7    	420     	6       	812       	392     
8    	392     	5       	868       	0       
9    	420     	8       	700       	280     
10   	476     	9       	700       	224     
11   	392     	6       	812       	0       

=========== Iteration  7 =============
PID  	P_SIZE  	HOLE_ID 	HOLE_SIZE 	AVAILABLE
------------------------------------------
1    	364     	2       	448       	84      
2    	504     	4       	672       	168     
3    	560     	6       	672       	112     
4    	420     	7       	700       	280     
5    	336     	8       	700       	364     
6    	504     	10      	868       	364     
7    	420     	=> NOT ALLOCATED
8    	336     	8       	700       	28      
9    	308     	9       	392       	84      
10   	448     	=> NOT ALLOCATED
11   	336     	10      	868       	28      

=========== Iteration  8 =============
PID  	P_SIZE  	HOLE_ID 	HOLE_SIZE 	AVAILABLE
------------------------------------------
1    	336     	2       	756       	420     
2    	392     	2       	756       	28      
3    	308     	4       	980       	672     
4    	280     	4       	980       	392     
5    	448     	5       	728       	280     
6    	364     	4       	980       	28      
7    	308     	6       	672       	364     
8    	476     	7       	560       	84      
9    	308     	6       	672       	56      
10   	336     	8       	784       	448     
11   	364     	8       	784       	84      

=========== Iteration  9 =============
PID  	P_SIZE  	HOLE_ID 	HOLE_SIZE 	AVAILABLE
------------------------------------------
1    	532     	1       	616       	84      
2    	448     	4       	980       	532     
3    	448     	4       	980       	84      
4    	308     	5       	672       	364     
5    	476     	6       	896       	420     
6    	280     	3       	280       	0       
7    	532     	7       	980       	448     
8    	336     	5       	672       	28      
9    	364     	6       	896       	56      
10   	532     	8       	812       	280     
11   	448     	7       	980       	0       

=========== Iteration 10 =============
PID  	P_SIZE  	HOLE_ID 	HOLE_SIZE 	AVAILABLE
------------------------------------------
1    	336     	1       	952       	616     
2    	308     	1       	952       	308     
3    	420     	2       	840       	420     
4    	504     	3       	728       	224     
5    	448     	4       	700       	252     
6    	280     	1       	952       	28      
7    	420     	2       	840       	0       
8    	364     	5       	952       	588     
9    	532     	5       	952       	56      
10   	308     	7       	420       	112     
11   	532     	9       	980       	448     

=========== Iteration 11 =============
PID  	P_SIZE  	HOLE_ID 	HOLE_SIZE 	AVAILABLE
------------------------------------------
1    	532     	2       	784       	252     
2    	364     	3       	364       	0       
3    	308     	4       	896       	588     
4    	420     	4       	896       	168     
5    	560     	7       	812       	252     
6    	560     	10      	756       	196     
7    	336     	5       	448       	112     
8    	392     	=> NOT ALLOCATED
9    	420     	=> NOT ALLOCATED
10   	364     	8       	364       	0       
11   	364     	=> NOT ALLOCATED

=========== Iteration 12 =============
PID  	P_SIZE  	HOLE_ID 	HOLE_SIZE 	AVAILABLE
------------------------------------------
1    	308     	1       	980       	672     
2    	364     	1       	980       	308     
3    	308     	1       	980       	0       
4    	476     	2       	756       	280     
5    	504     	3       	924       	420     
6    	560     	4       	616       	56      
7    	392     	3       	924       	28      
8    	420     	6       	672       	252     
9    	336     	5       	392       	56      
10   	336     	7       	532       	196     
11   	448     	8       	672       	224     

=========== Iteration 13 =============
PID  	P_SIZE  	HOLE_ID 	HOLE_SIZE 	AVAILABLE
------------------------------------------
1    	504     	1       	812       	308     
2    	280     	1       	812       	28      
3    	308     	2       	504       	196     
4    	448     	3       	700       	252     
5    	420     	4       	812       	392     
6    	308     	4       	812       	84      
7    	392     	7       	980       	588     
8    	364     	7       	980       	224     
9    	392     	8       	952       	560     
10   	364     	8       	952       	196     
11   	392     	10      	980       	588     

=========== Iteration 14 =============
PID  	P_SIZE  	HOLE_ID 	HOLE_SIZE 	AVAILABLE
------------------------------------------
1    	336     	1       	476       	140     
2    	560     	3       	924       	364     
3    	476     	6       	700       	224     
4    	476     	8       	672       	196     
5    	392     	9       	728       	336     
6    	448     	10      	952       	504     
7    	420     	10      	952       	84      
8    	504     	11      	980       	476     
9    	392     	11      	980       	84      
10   	280     	2       	364       	84      
11   	448     	=> NOT ALLOCATED

=========== Iteration 15 =============
PID  	P_SIZE  	HOLE_ID 	HOLE_SIZE 	AVAILABLE
------------------------------------------
1    	392     	1       	504       	112     
2    	336     	2       	952       	616     
3    	476     	2       	952       	140     
4    	448     	3       	868       	420     
5    	476     	4       	868       	392     
6    	280     	3       	868       	140     
7    	308     	4       	868       	84      
8    	364     	5       	896       	532     
9    	504     	5       	896       	28      
10   	308     	6       	308       	0       
11   	308     	7       	588       	280     

=========== Iteration 16 =============
PID  	P_SIZE  	HOLE_ID 	HOLE_SIZE 	AVAILABLE
------------------------------------------
1    	392     	2       	756       	364     
2    	420     	3       	448       	28      
3    	392     	6       	868       	476     
4    	448     	6       	868       	28      
5    	336     	1       	336       	0       
6    	364     	2       	756       	0       
7    	280     	4       	336       	56      
8    	336     	7       	812       	476     
9    	560     	9       	812       	252     
10   	364     	7       	812       	112     
11   	392     	8       	504       	112     

=========== Iteration 17 =============
PID  	P_SIZE  	HOLE_ID 	HOLE_SIZE 	AVAILABLE
------------------------------------------
1    	448     	1       	924       	476     
2    	560     	3       	756       	196     
3    	448     	1       	924       	28      
4    	448     	6       	840       	392     
5    	504     	8       	728       	224     
6    	504     	9       	644       	140     
7    	308     	5       	364       	56      
8    	504     	10      	588       	84      
9    	364     	6       	840       	28      
10   	448     	11      	476       	28      
11   	308     	7       	420       	112     

=========== Iteration 18 =============
PID  	P_SIZE  	HOLE_ID 	HOLE_SIZE 	AVAILABLE
------------------------------------------
1    	448     	2       	868       	420     
2    	392     	2       	868       	28      
3    	280     	1       	336       	56      
4    	476     	3       	868       	392     
5    	364     	3       	868       	28      
6    	504     	4       	840       	336     
7    	504     	5       	616       	112     
8    	420     	9       	616       	196     
9    	336     	4       	840       	0       
10   	336     	10      	924       	588     
11   	364     	10      	924       	224     

=========== Iteration 19 =============
PID  	P_SIZE  	HOLE_ID 	HOLE_SIZE 	AVAILABLE
------------------------------------------
1    	532     	1       	924       	392     
2    	476     	3       	896       	420     
3    	448     	4       	700       	252     
4    	308     	1       	924       	84      
5    	336     	2       	392       	56      
6    	420     	3       	896       	0       
7    	504     	5       	896       	392     
8    	336     	5       	896       	56      
9    	532     	7       	784       	252     
10   	336     	6       	504       	168     
11   	392     	8       	952       	560     

=========== Iteration 20 =============
PID  	P_SIZE  	HOLE_ID 	HOLE_SIZE 	AVAILABLE
------------------------------------------
1    	308     	2       	616       	308     
2    	448     	3       	840       	392     
3    	448     	6       	672       	224     
4    	448     	7       	784       	336     
5    	280     	2       	616       	28      
6    	476     	8       	728       	252     
7    	364     	3       	840       	28      
8    	560     	10      	700       	140     
9    	364     	=> NOT ALLOCATED
10   	560     	=> NOT ALLOCATED
11   	448     	=> NOT ALLOCATED

=========== Iteration 21 =============
PID  	P_SIZE  	HOLE_ID 	HOLE_SIZE 	AVAILABLE
------------------------------------------
1    	476     	1       	700       	224     
2    	532     	5       	532       	0       
3    	476     	3       	476       	0       
4    	476     	7       	644       	168     
5    	392     	8       	868       	476     
6    	308     	2       	308       	0       
7    	560     	9       	560       	0       
8    	448     	8       	868       	28      
9    	308     	10      	700       	392     
10   	308     	10      	700       	84      
11   	560     	=> NOT ALLOCATED

=========== Iteration 22 =============
PID  	P_SIZE  	HOLE_ID 	HOLE_SIZE 	AVAILABLE
------------------------------------------
1    	504     	3       	560       	56      
2    	280     	4       	728       	448     
3    	560     	8       	672       	112     
4    	392     	4       	728       	56      
5    	504     	10      	700       	196     
6    	448     	6       	448       	0       
7    	392     	11      	868       	476     
8    	280     	11      	868       	196     
9    	532     	=> NOT ALLOCATED
10   	280     	=> NOT ALLOCATED
11   	532     	=> NOT ALLOCATED

=========== Iteration 23 =============
PID  	P_SIZE  	HOLE_ID 	HOLE_SIZE 	AVAILABLE
------------------------------------------
1    	308     	1       	896       	588     
2    	476     	1       	896       	112     
3    	448     	2       	924       	476     
4    	532     	5       	812       	280     
5    	532     	6       	560       	28      
6    	560     	8       	588       	28      
7    	560     	11      	616       	56      
8    	504     	=> NOT ALLOCATED
9    	392     	2       	924       	84      
10   	476     	=> NOT ALLOCATED
11   	448     	=> NOT ALLOCATED

=========== Iteration 24 =============
PID  	P_SIZE  	HOLE_ID 	HOLE_SIZE 	AVAILABLE
------------------------------------------
1    	532     	2       	588       	56      
2    	280     	1       	308       	28      
3    	560     	6       	812       	252     
4    	280     	4       	308       	28      
5    	392     	7       	644       	252     
6    	308     	5       	364       	56      
7    	392     	8       	392       	0       
8    	560     	=> NOT ALLOCATED
9    	280     	9       	504       	224     
10   	448     	10      	504       	56      
11   	476     	=> NOT ALLOCATED

=========== Iteration 25 =============
PID  	P_SIZE  	HOLE_ID 	HOLE_SIZE 	AVAILABLE
------------------------------------------
1    	504     	1       	532       	28      
2    	392     	2       	448       	56      
3    	504     	3       	868       	364     
4    	532     	4       	672       	140     
5    	504     	7       	588       	84      
6    	448     	8       	448       	0       
7    	476     	9       	980       	504     
8    	448     	9       	980       	56      
9    	336     	3       	868       	28      
10   	364     	10      	728       	364     
11   	392     	11      	840       	448     

=========== Iteration 26 =============
PID  	P_SIZE  	HOLE_ID 	HOLE_SIZE 	AVAILABLE
------------------------------------------
1    	420     	1       	476       	56      
2    	420     	3       	700       	280     
3    	336     	4       	812       	476     
4    	392     	4       	812       	84      
5    	308     	7       	728       	420     
6    	560     	8       	812       	252     
7    	560     	=> NOT ALLOCATED
8    	476     	=> NOT ALLOCATED
9    	364     	7       	728       	56      
10   	420     	9       	448       	28      
11   	280     	3       	700       	0       

=========== Iteration 27 =============
PID  	P_SIZE  	HOLE_ID 	HOLE_SIZE 	AVAILABLE
------------------------------------------
1    	308     	1       	420       	112     
2    	392     	2       	896       	504     
3    	448     	2       	896       	56      
4    	476     	4       	672       	196     
5    	308     	6       	924       	616     
6    	420     	6       	924       	196     
7    	476     	8       	896       	420     
8    	336     	8       	896       	84      
9    	504     	10      	532       	28      
10   	336     	11      	868       	532     
11   	504     	11      	868       	28      

=========== Iteration 28 =============
PID  	P_SIZE  	HOLE_ID 	HOLE_SIZE 	AVAILABLE
------------------------------------------
1    	560     	2       	644       	84      
2    	532     	3       	840       	308     
3    	476     	4       	644       	168     
4    	532     	5       	812       	280     
5    	336     	6       	700       	364     
6    	392     	7       	868       	476     
7    	336     	6       	700       	28      
8    	392     	7       	868       	84      
9    	392     	8       	980       	588     
10   	336     	8       	980       	252     
11   	448     	9       	448       	0       

=========== Iteration 29 =============
PID  	P_SIZE  	HOLE_ID 	HOLE_SIZE 	AVAILABLE
------------------------------------------
1    	280     	1       	588       	308     
2    	392     	2       	728       	336     
3    	280     	1       	588       	28      
4    	364     	3       	392       	28      
5    	308     	2       	728       	28      
6    	476     	5       	756       	280     
7    	420     	8       	952       	532     
8    	448     	8       	952       	84      
9    	420     	9       	840       	420     
10   	336     	4       	336       	0       
11   	336     	6       	336       	0       

=========== Iteration 30 =============
PID  	P_SIZE  	HOLE_ID 	HOLE_SIZE 	AVAILABLE
------------------------------------------
1    	392     	1       	728       	336     
2    	532     	3       	980       	448     
3    	364     	2       	364       	0       
4    	364     	3       	980       	84      
5    	504     	5       	588       	84      
6    	476     	7       	812       	336     
7    	420     	4       	420       	0       
8    	476     	8       	504       	28      
9    	392     	9       	616       	224     
10   	448     	=> NOT ALLOCATED
11   	532     	=> NOT ALLOCATED

=========== Iteration 31 =============
PID  	P_SIZE  	HOLE_ID 	HOLE_SIZE 	AVAILABLE
------------------------------------------
1    	448     	2       	672       	224     
2    	392     	1       	420       	28      
3    	308     	3       	448       	140     
4    	308     	4       	532       	224     
5    	560     	6       	924       	364     
6    	392     	7       	420       	28      
7    	560     	=> NOT ALLOCATED
8    	364     	6       	924       	0       
9    	364     	11      	476       	112     
10   	364     	=> NOT ALLOCATED
11   	560     	=> NOT ALLOCATED

=========== Iteration 32 =============
PID  	P_SIZE  	HOLE_ID 	HOLE_SIZE 	AVAILABLE
------------------------------------------
1    	448     	2       	644       	196     
2    	392     	4       	728       	336     
3    	308     	4       	728       	28      
4    	504     	6       	616       	112     
5    	476     	7       	812       	336     
6    	336     	5       	420       	84      
7    	280     	7       	812       	56      
8    	560     	8       	784       	224     
9    	336     	9       	560       	224     
10   	448     	11      	448       	0       
11   	308     	=> NOT ALLOCATED

=========== Iteration 33 =============
PID  	P_SIZE  	HOLE_ID 	HOLE_SIZE 	AVAILABLE
------------------------------------------
1    	448     	1       	812       	364     
2    	336     	1       	812       	28      
3    	308     	5       	868       	560     
4    	448     	5       	868       	112     
5    	448     	6       	448       	0       
6    	448     	8       	476       	28      
7    	392     	7       	392       	0       
8    	280     	10      	392       	112     
9    	420     	11      	952       	532     
10   	280     	11      	952       	252     
11   	420     	=> NOT ALLOCATED

=========== Iteration 34 =============
PID  	P_SIZE  	HOLE_ID 	HOLE_SIZE 	AVAILABLE
------------------------------------------
1    	504     	1       	784       	280     
2    	476     	2       	700       	224     
3    	392     	4       	476       	84      
4    	476     	5       	504       	28      
5    	364     	6       	840       	476     
6    	560     	9       	896       	336     
7    	504     	=> NOT ALLOCATED
8    	392     	6       	840       	84      
9    	308     	7       	420       	112     
10   	308     	8       	392       	84      
11   	420     	11      	448       	28      

=========== Iteration 35 =============
PID  	P_SIZE  	HOLE_ID 	HOLE_SIZE 	AVAILABLE
------------------------------------------
1    	364     	1       	756       	392     
2    	504     	2       	952       	448     
3    	308     	1       	756       	84      
4    	280     	2       	952       	168     
5    	420     	4       	700       	280     
6    	364     	5       	952       	588     
7    	504     	5       	952       	84      
8    	420     	6       	812       	392     
9    	336     	6       	812       	56      
10   	448     	7       	924       	476     
11   	560     	8       	896       	336     

=========== Iteration 36 =============
PID  	P_SIZE  	HOLE_ID 	HOLE_SIZE 	AVAILABLE
------------------------------------------
1    	532     	1       	616       	84      
2    	560     	2       	784       	224     
3    	392     	3       	756       	364     
4    	448     	5       	980       	532     
5    	476     	5       	980       	56      
6    	336     	3       	756       	28      
7    	504     	7       	560       	56      
8    	560     	9       	672       	112     
9    	420     	8       	420       	0       
10   	280     	6       	308       	28      
11   	504     	=> NOT ALLOCATED

=========== Iteration 37 =============
PID  	P_SIZE  	HOLE_ID 	HOLE_SIZE 	AVAILABLE
------------------------------------------
1    	364     	2       	980       	616     
2    	336     	2       	980       	280     
3    	532     	3       	560       	28      
4    	532     	5       	616       	84      
5    	364     	4       	364       	0       
6    	448     	6       	840       	392     
7    	504     	7       	672       	168     
8    	448     	11      	784       	336     
9    	280     	1       	308       	28      
10   	392     	6       	840       	0       
11   	420     	=> NOT ALLOCATED

=========== Iteration 38 =============
PID  	P_SIZE  	HOLE_ID 	HOLE_SIZE 	AVAILABLE
------------------------------------------
1    	420     	2       	644       	224     
2    	280     	1       	308       	28      
3    	280     	5       	924       	644     
4    	504     	5       	924       	140     
5    	476     	6       	476       	0       
6    	280     	7       	560       	280     
7    	560     	9       	672       	112     
8    	504     	10      	672       	168     
9    	308     	=> NOT ALLOCATED
10   	364     	=> NOT ALLOCATED
11   	504     	=> NOT ALLOCATED

=========== Iteration 39 =============
PID  	P_SIZE  	HOLE_ID 	HOLE_SIZE 	AVAILABLE
------------------------------------------
1    	532     	2       	672       	140     
2    	448     	6       	896       	448     
3    	392     	6       	896       	56      
4    	448     	8       	448       	0       
5    	308     	3       	308       	0       
6    	560     	11      	952       	392     
7    	280     	5       	308       	28      
8    	336     	9       	420       	84      
9    	308     	10      	308       	0       
10   	364     	11      	952       	28      
11   	280     	=> NOT ALLOCATED

=========== Iteration 40 =============
PID  	P_SIZE  	HOLE_ID 	HOLE_SIZE 	AVAILABLE
------------------------------------------
1    	280     	1       	728       	448     
2    	560     	3       	728       	168     
3    	364     	1       	728       	84      
4    	392     	4       	392       	0       
5    	280     	2       	308       	28      
6    	336     	7       	728       	392     
7    	308     	6       	308       	0       
8    	392     	7       	728       	0       
9    	560     	8       	784       	224     
10   	280     	9       	868       	588     
11   	504     	9       	868       	84      

=========== Iteration 41 =============
PID  	P_SIZE  	HOLE_ID 	HOLE_SIZE 	AVAILABLE
------------------------------------------
1    	420     	1       	616       	196     
2    	280     	2       	336       	56      
3    	364     	3       	812       	448     
4    	504     	4       	532       	28      
5    	504     	5       	588       	84      
6    	336     	3       	812       	112     
7    	448     	7       	560       	112     
8    	420     	8       	896       	476     
9    	280     	8       	896       	196     
10   	392     	9       	392       	0       
11   	392     	=> NOT ALLOCATED

=========== Iteration 42 =============
PID  	P_SIZE  	HOLE_ID 	HOLE_SIZE 	AVAILABLE
------------------------------------------
1    	532     	1       	700       	168     
2    	392     	2       	784       	392     
3    	448     	4       	588       	140     
4    	420     	5       	896       	476     
5    	420     	5       	896       	56      
6    	336     	2       	784       	56      
7    	336     	6       	868       	532     
8    	420     	6       	868       	112     
9    	476     	9       	896       	420     
10   	420     	8       	420       	0       
11   	420     	9       	896       	0       

=========== Iteration 43 =============
PID  	P_SIZE  	HOLE_ID 	HOLE_SIZE 	AVAILABLE
------------------------------------------
1    	280     	1       	896       	616     
2    	448     	1       	896       	168     
3    	420     	3       	420       	0       
4    	420     	4       	728       	308     
5    	532     	5       	952       	420     
6    	280     	4       	728       	28      
7    	476     	7       	868       	392     
8    	392     	5       	952       	28      
9    	308     	7       	868       	84      
10   	420     	8       	868       	448     
11   	504     	9       	532       	28      

=========== Iteration 44 =============
PID  	P_SIZE  	HOLE_ID 	HOLE_SIZE 	AVAILABLE
------------------------------------------
1    	280     	1       	308       	28      
2    	392     	2       	476       	84      
3    	560     	3       	588       	28      
4    	392     	5       	504       	112     
5    	364     	6       	364       	0       
6    	504     	7       	868       	364     
7    	308     	7       	868       	56      
8    	420     	8       	420       	0       
9    	364     	9       	504       	140     
10   	560     	10      	700       	140     
11   	308     	11      	392       	84      

=========== Iteration 45 =============
PID  	P_SIZE  	HOLE_ID 	HOLE_SIZE 	AVAILABLE
------------------------------------------
1    	532     	1       	952       	420     
2    	308     	1       	952       	112     
3    	280     	2       	868       	588     
4    	336     	2       	868       	252     
5    	420     	3       	560       	140     
6    	392     	4       	672       	280     
7    	280     	4       	672       	0       
8    	504     	5       	952       	448     
9    	448     	5       	952       	0       
10   	560     	7       	812       	252     
11   	560     	8       	672       	112     

=========== Iteration 46 =============
PID  	P_SIZE  	HOLE_ID 	HOLE_SIZE 	AVAILABLE
------------------------------------------
1    	448     	2       	784       	336     
2    	392     	3       	756       	364     
3    	364     	3       	756       	0       
4    	448     	5       	924       	476     
5    	308     	2       	784       	28      
6    	448     	5       	924       	28      
7    	392     	7       	756       	364     
8    	364     	6       	364       	0       
9    	448     	8       	588       	140     
10   	280     	1       	280       	0       
11   	420     	9       	672       	252     

=========== Iteration 47 =============
PID  	P_SIZE  	HOLE_ID 	HOLE_SIZE 	AVAILABLE
------------------------------------------
1    	392     	2       	924       	532     
2    	448     	2       	924       	84      
3    	364     	3       	644       	280     
4    	308     	1       	336       	28      
5    	532     	4       	896       	364     
6    	392     	6       	924       	532     
7    	448     	6       	924       	84      
8    	504     	7       	840       	336     
9    	476     	9       	588       	112     
10   	308     	4       	896       	56      
11   	308     	7       	840       	28      

=========== Iteration 48 =============
PID  	P_SIZE  	HOLE_ID 	HOLE_SIZE 	AVAILABLE
------------------------------------------
1    	392     	1       	728       	336     
2    	532     	3       	812       	280     
3    	392     	2       	448       	56      
4    	448     	4       	588       	140     
5    	532     	5       	840       	308     
6    	392     	6       	756       	364     
7    	560     	8       	868       	308     
8    	364     	6       	756       	0       
9    	448     	9       	644       	196     
10   	364     	7       	420       	56      
11   	532     	10      	616       	84      

=========== Iteration 49 =============
PID  	P_SIZE  	HOLE_ID 	HOLE_SIZE 	AVAILABLE
------------------------------------------
1    	420     	1       	448       	28      
2    	280     	3       	896       	616     
3    	560     	3       	896       	56      
4    	532     	4       	560       	28      
5    	560     	7       	952       	392     
6    	504     	9       	980       	476     
7    	420     	6       	420       	0       
8    	308     	7       	952       	84      
9    	504     	10      	700       	196     
10   	476     	9       	980       	0       
11   	504     	11      	588       	84      

=========== Iteration 50 =============
PID  	P_SIZE  	HOLE_ID 	HOLE_SIZE 	AVAILABLE
------------------------------------------
1    	364     	1       	616       	252     
2    	420     	4       	532       	112     
3    	532     	5       	672       	140     
4    	448     	8       	448       	0       
5    	308     	3       	392       	84      
6    	364     	6       	420       	56      
7    	532     	10      	532       	0       
8    	476     	11      	504       	28      
9    	448     	=> NOT ALLOCATED
10   	364     	9       	420       	56      
11   	476     	=> NOT ALLOCATED

=========== Iteration 51 =============
PID  	P_SIZE  	HOLE_ID 	HOLE_SIZE 	AVAILABLE
------------------------------------------
1    	504     	2       	532       	28      
2    	392     	1       	420       	28      
3    	560     	3       	924       	364     
4    	420     	4       	420       	0       
5    	504     	6       	784       	280     
6    	280     	3       	924       	84      
7    	308     	5       	476       	168     
8    	336     	8       	560       	224     
9    	364     	9       	980       	616     
10   	336     	9       	980       	280     
11   	420     	10      	588       	168     

=========== Iteration 52 =============
PID  	P_SIZE  	HOLE_ID 	HOLE_SIZE 	AVAILABLE
------------------------------------------
1    	280     	1       	392       	112     
2    	476     	2       	504       	28      
3    	476     	4       	924       	448     
4    	392     	4       	924       	56      
5    	308     	5       	840       	532     
6    	364     	5       	840       	168     
7    	448     	6       	616       	168     
8    	364     	7       	980       	616     
9    	364     	7       	980       	252     
10   	336     	8       	868       	532     
11   	448     	8       	868       	84      

=========== Iteration 53 =============
PID  	P_SIZE  	HOLE_ID 	HOLE_SIZE 	AVAILABLE
------------------------------------------
1    	280     	1       	868       	588     
2    	420     	1       	868       	168     
3    	504     	6       	560       	56      
4    	308     	2       	476       	168     
5    	308     	4       	364       	56      
6    	364     	9       	840       	476     
7    	476     	9       	840       	0       
8    	532     	11      	644       	112     
9    	448     	10      	476       	28      
10   	476     	=> NOT ALLOCATED
11   	420     	=> NOT ALLOCATED

=========== Iteration 54 =============
PID  	P_SIZE  	HOLE_ID 	HOLE_SIZE 	AVAILABLE
------------------------------------------
1    	392     	3       	728       	336     
2    	504     	5       	812       	308     
3    	504     	6       	812       	308     
4    	504     	7       	868       	364     
5    	560     	8       	700       	140     
6    	392     	9       	868       	476     
7    	336     	3       	728       	0       
8    	308     	5       	812       	0       
9    	476     	9       	868       	0       
10   	336     	7       	868       	28      
11   	448     	10      	700       	252     

=========== Iteration 55 =============
PID  	P_SIZE  	HOLE_ID 	HOLE_SIZE 	AVAILABLE
------------------------------------------
1    	364     	1       	364       	0       
2    	308     	2       	616       	308     
3    	504     	3       	868       	364     
4    	280     	2       	616       	28      
5    	504     	4       	504       	0       
6    	336     	3       	868       	28      
7    	308     	6       	448       	140     
8    	336     	7       	896       	560     
9    	364     	7       	896       	196     
10   	420     	8       	588       	168     
11   	560     	10      	952       	392     

=========== Iteration 56 =============
PID  	P_SIZE  	HOLE_ID 	HOLE_SIZE 	AVAILABLE
------------------------------------------
1    	448     	2       	784       	336     
2    	504     	5       	868       	364     
3    	336     	2       	784       	0       
4    	560     	6       	728       	168     
5    	448     	3       	448       	0       
6    	392     	4       	476       	84      
7    	448     	8       	868       	420     
8    	336     	5       	868       	28      
9    	476     	10      	588       	112     
10   	476     	=> NOT ALLOCATED
11   	392     	8       	868       	28      

=========== Iteration 57 =============
PID  	P_SIZE  	HOLE_ID 	HOLE_SIZE 	AVAILABLE
------------------------------------------
1    	364     	1       	924       	560     
2    	420     	1       	924       	140     
3    	280     	2       	728       	448     
4    	560     	3       	700       	140     
5    	504     	4       	868       	364     
6    	308     	2       	728       	140     
7    	280     	4       	868       	84      
8    	420     	7       	868       	448     
9    	420     	7       	868       	28      
10   	392     	8       	700       	308     
11   	280     	5       	336       	56      

=========== Iteration 58 =============
PID  	P_SIZE  	HOLE_ID 	HOLE_SIZE 	AVAILABLE
------------------------------------------
1    	448     	1       	672       	224     
2    	336     	2       	420       	84      
3    	364     	3       	672       	308     
4    	420     	4       	560       	140     
5    	504     	7       	980       	476     
6    	336     	7       	980       	140     
7    	308     	3       	672       	0       
8    	336     	9       	868       	532     
9    	560     	10      	868       	308     
10   	364     	9       	868       	168     
11   	420     	11      	700       	280     

=========== Iteration 59 =============
PID  	P_SIZE  	HOLE_ID 	HOLE_SIZE 	AVAILABLE
------------------------------------------
1    	280     	2       	532       	252     
2    	448     	4       	924       	476     
3    	280     	4       	924       	196     
4    	420     	9       	868       	448     
5    	280     	5       	336       	56      
6    	336     	7       	336       	0       
7    	392     	9       	868       	56      
8    	532     	10      	812       	280     
9    	532     	11      	532       	0       
10   	560     	=> NOT ALLOCATED
11   	532     	=> NOT ALLOCATED

=========== Iteration 60 =============
PID  	P_SIZE  	HOLE_ID 	HOLE_SIZE 	AVAILABLE
------------------------------------------
1    	560     	1       	980       	420     
2    	560     	9       	952       	392     
3    	448     	2       	448       	0       
4    	364     	1       	980       	56      
5    	308     	4       	532       	224     
6    	532     	11      	728       	196     
7    	476     	6       	504       	28      
8    	504     	=> NOT ALLOCATED
9    	364     	5       	448       	84      
10   	420     	=> NOT ALLOCATED
11   	336     	7       	392       	56      

=========== Iteration 61 =============
PID  	P_SIZE  	HOLE_ID 	HOLE_SIZE 	AVAILABLE
------------------------------------------
1    	560     	1       	980       	420     
2    	364     	1       	980       	56      
3    	336     	2       	700       	364     
4    	448     	3       	532       	84      
5    	392     	4       	588       	196     
6    	504     	6       	504       	0       
7    	364     	2       	700       	0       
8    	336     	7       	672       	336     
9    	364     	8       	896       	532     
10   	308     	7       	672       	28      
11   	560     	10      	644       	84      

=========== Iteration 62 =============
PID  	P_SIZE  	HOLE_ID 	HOLE_SIZE 	AVAILABLE
------------------------------------------
1    	476     	3       	840       	364     
2    	560     	5       	980       	420     
3    	280     	1       	420       	140     
4    	364     	2       	364       	0       
5    	560     	6       	896       	336     
6    	504     	7       	784       	280     
7    	448     	10      	756       	308     
8    	532     	11      	812       	280     
9    	504     	=> NOT ALLOCATED
10   	448     	=> NOT ALLOCATED
11   	560     	=> NOT ALLOCATED

=========== Iteration 63 =============
PID  	P_SIZE  	HOLE_ID 	HOLE_SIZE 	AVAILABLE
------------------------------------------
1    	336     	1       	336       	0       
2    	448     	2       	700       	252     
3    	392     	3       	504       	112     
4    	476     	6       	868       	392     
5    	336     	6       	868       	56      
6    	420     	7       	532       	112     
7    	308     	8       	504       	196     
8    	280     	9       	420       	140     
9    	364     	10      	840       	476     
10   	448     	10      	840       	28      
11   	504     	11      	672       	168     

=========== Iteration 64 =============
PID  	P_SIZE  	HOLE_ID 	HOLE_SIZE 	AVAILABLE
------------------------------------------
1    	336     	2       	560       	224     
2    	476     	3       	504       	28      
3    	532     	4       	756       	224     
4    	392     	5       	504       	112     
5    	308     	6       	784       	476     
6    	280     	6       	784       	196     
7    	448     	7       	504       	56      
8    	336     	8       	644       	308     
9    	448     	9       	980       	532     
10   	504     	9       	980       	28      
11   	504     	10      	728       	224     



========== Summary ==========
Average Process Size : 412.36
Average Hole Size    : 563.30
Average unallocated  : 6.68%.
